<?xml version="1.0" encoding="UTF-8" ?>
<testsuite tests="28" failures="0" name="TestSuite" time="64.781" errors="0" skipped="0">
  <properties>
    <property name="java.runtime.name" value="Java(TM) SE Runtime Environment"/>
    <property name="sun.boot.library.path" value="C:\Program Files\Java\jre1.8.0_291\bin"/>
    <property name="java.vm.version" value="25.291-b10"/>
    <property name="java.vm.vendor" value="Oracle Corporation"/>
    <property name="maven.multiModuleProjectDirectory" value="C:\Users\muham\eclipse-workspace\QASpinentProject"/>
    <property name="java.vendor.url" value="http://java.oracle.com/"/>
    <property name="path.separator" value=";"/>
    <property name="guice.disable.misplaced.annotation.check" value="true"/>
    <property name="java.vm.name" value="Java HotSpot(TM) 64-Bit Server VM"/>
    <property name="file.encoding.pkg" value="sun.io"/>
    <property name="user.script" value=""/>
    <property name="user.country" value="CA"/>
    <property name="sun.java.launcher" value="SUN_STANDARD"/>
    <property name="sun.os.patch.level" value=""/>
    <property name="java.vm.specification.name" value="Java Virtual Machine Specification"/>
    <property name="user.dir" value="C:\Users\muham\eclipse-workspace\QASpinentProject"/>
    <property name="java.runtime.version" value="1.8.0_291-b10"/>
    <property name="java.awt.graphicsenv" value="sun.awt.Win32GraphicsEnvironment"/>
    <property name="java.endorsed.dirs" value="C:\Program Files\Java\jre1.8.0_291\lib\endorsed"/>
    <property name="os.arch" value="amd64"/>
    <property name="java.io.tmpdir" value="C:\Users\muham\AppData\Local\Temp\"/>
    <property name="line.separator" value="
"/>
    <property name="java.vm.specification.vendor" value="Oracle Corporation"/>
    <property name="user.variant" value=""/>
    <property name="os.name" value="Windows 10"/>
    <property name="classworlds.conf" value="C:\apache-maven-3.6.3\bin\..\bin\m2.conf"/>
    <property name="sun.jnu.encoding" value="Cp1252"/>
    <property name="java.library.path" value="C:\Program Files (x86)\Common Files\Oracle\Java\javapath;C:\WINDOWS\Sun\Java\bin;C:\WINDOWS\system32;C:\WINDOWS;C:\Python39\Scripts\;C:\Python39\;C:\Program Files (x86)\Common Files\Oracle\Java\javapath;C:\WINDOWS\system32;C:\WINDOWS;C:\WINDOWS\System32\Wbem;C:\WINDOWS\System32\WindowsPowerShell\v1.0\;C:\WINDOWS\System32\OpenSSH\;C:\Program Files (x86)\Calibre2\;C:\Program Files (x86)\Brackets\command;C:\\apache-maven-3.6.3-bin.zip\apache-maven-3.6.3\bin;C:\apache-maven-3.6.3\bin;C:\allure-commandline-2.13.7\allure-2.13.7\bin;C:\Program Files\Git\cmd;C:\Program Files (x86)\nodejs\;C:\ProgramData\chocolatey\bin;C:\apache-maven-3.6.3\bin;C:\Program Files\apache-maven-3.8.1\bin;%JAVA_HOME%\bin;C:\Program Files\apache-maven-3.8.1\bin\bin;C:\Program Files\Java\jdk1.8.0_281\bin;C:\Program Files\Java\jre1.8.0_281\bin;C:\Hugo\bin;;."/>
    <property name="maven.conf" value="C:\apache-maven-3.6.3\bin\../conf"/>
    <property name="java.specification.name" value="Java Platform API Specification"/>
    <property name="java.class.version" value="52.0"/>
    <property name="sun.management.compiler" value="HotSpot 64-Bit Tiered Compilers"/>
    <property name="os.version" value="10.0"/>
    <property name="library.jansi.path" value="C:\apache-maven-3.6.3\bin\..\lib\jansi-native"/>
    <property name="user.home" value="C:\Users\muham"/>
    <property name="user.timezone" value="Europe/Belgrade"/>
    <property name="java.awt.printerjob" value="sun.awt.windows.WPrinterJob"/>
    <property name="java.specification.version" value="1.8"/>
    <property name="file.encoding" value="Cp1252"/>
    <property name="user.name" value="muham"/>
    <property name="java.class.path" value="C:\apache-maven-3.6.3\bin\..\boot\plexus-classworlds-2.6.0.jar"/>
    <property name="java.vm.specification.version" value="1.8"/>
    <property name="sun.arch.data.model" value="64"/>
    <property name="java.home" value="C:\Program Files\Java\jre1.8.0_291"/>
    <property name="sun.java.command" value="org.codehaus.plexus.classworlds.launcher.Launcher test -P parallel"/>
    <property name="java.specification.vendor" value="Oracle Corporation"/>
    <property name="user.language" value="en"/>
    <property name="awt.toolkit" value="sun.awt.windows.WToolkit"/>
    <property name="java.vm.info" value="mixed mode"/>
    <property name="java.version" value="1.8.0_291"/>
    <property name="java.ext.dirs" value="C:\Program Files\Java\jre1.8.0_291\lib\ext;C:\WINDOWS\Sun\Java\lib\ext"/>
    <property name="sun.boot.class.path" value="C:\Program Files\Java\jre1.8.0_291\lib\resources.jar;C:\Program Files\Java\jre1.8.0_291\lib\rt.jar;C:\Program Files\Java\jre1.8.0_291\lib\sunrsasign.jar;C:\Program Files\Java\jre1.8.0_291\lib\jsse.jar;C:\Program Files\Java\jre1.8.0_291\lib\jce.jar;C:\Program Files\Java\jre1.8.0_291\lib\charsets.jar;C:\Program Files\Java\jre1.8.0_291\lib\jfr.jar;C:\Program Files\Java\jre1.8.0_291\classes"/>
    <property name="sun.stderr.encoding" value="cp437"/>
    <property name="java.vendor" value="Oracle Corporation"/>
    <property name="maven.home" value="C:\apache-maven-3.6.3\bin\.."/>
    <property name="file.separator" value="\"/>
    <property name="java.vendor.url.bug" value="http://bugreport.sun.com/bugreport/"/>
    <property name="sun.cpu.endian" value="little"/>
    <property name="sun.io.unicode.encoding" value="UnicodeLittle"/>
    <property name="sun.stdout.encoding" value="cp437"/>
    <property name="sun.desktop" value="windows"/>
    <property name="sun.cpu.isalist" value="amd64"/>
  </properties>
  <testcase classname="com.qa.spinent.testpages.AccountLogoutPageTest" name="logOutFunctionTest" time="1.944"/>
  <testcase classname="com.qa.spinent.testpages.AccountLogoutPageTest" name="logOutUrlVerificationTest" time="0.02"/>
  <testcase classname="com.qa.spinent.testpages.HomePageTest" name="verifyHomePageTitle" time="0.046"/>
  <testcase classname="com.qa.spinent.testpages.HomePageTest" name="introToSportsTechButtonTest" time="1.35"/>
  <testcase classname="com.qa.spinent.testpages.HomePageTest" name="knowYourselfButtonTest" time="1.051"/>
  <testcase classname="com.qa.spinent.testpages.HomePageTest" name="determineProblemsButtonTest" time="1.394"/>
  <testcase classname="com.qa.spinent.testpages.HomePageTest" name="askToCustomerButtonTest" time="1.222"/>
  <testcase classname="com.qa.spinent.testpages.HomePageTest" name="generateIdeasButtonTest" time="1.062"/>
  <testcase classname="com.qa.spinent.testpages.HomePageTest" name="preapareMVPButtonTest" time="1"/>
  <testcase classname="com.qa.spinent.testpages.HomePageTest" name="givePresentationButtonTest" time="1"/>
  <testcase classname="com.qa.spinent.testpages.HomePageTest" name="belowButtonAblemsTest" time="0.998"/>
  <testcase classname="com.qa.spinent.testpages.HomePageTest" name="languageButtonTest" time="1.013"/>
  <testcase classname="com.qa.spinent.testpages.HomePageTest" name="userAccountNamesButtonTest" time="0.979"/>
  <testcase classname="com.qa.spinent.testpages.HomePageTest" name="printCertificateButtonTest" time="1.01"/>
  <testcase classname="com.qa.spinent.testpages.LoginPageTest" name="verifyLoginPageTitleTest" time="0.006"/>
  <testcase classname="com.qa.spinent.testpages.LoginPageTest" name="verifyLoginPageUrlTest" time="0.009"/>
  <testcase classname="com.qa.spinent.testpages.LoginPageTest" name="verifyRedColorLoginButtonTest" time="0.984"/>
  <testcase classname="com.qa.spinent.testpages.LoginPageTest" name="verifyGreenolorLoginButtonTest" time="1.001"/>
  <testcase classname="com.qa.spinent.testpages.LoginPageUserSecurityTest" name="userSecurity" time="5.149"/>
  <testcase classname="com.qa.spinent.testpages.LoginPageUserSecurityTest" name="userSecurity" time="6.081"/>
  <testcase classname="com.qa.spinent.testpages.LoginPageUserSecurityTest" name="userSecurity" time="6.048"/>
  <testcase classname="com.qa.spinent.testpages.LoginPageUserSecurityTest" name="userSecurity" time="6.068"/>
  <testcase classname="com.qa.spinent.testpages.LoginPageUserSecurityTest" name="userSecurity" time="6.046"/>
  <testcase classname="com.qa.spinent.testpages.LoginPageUserSecurityTest" name="userSecurity" time="6.037"/>
  <testcase classname="com.qa.spinent.testpages.LoginPageUserSecurityTest" name="userSecurity" time="6.105"/>
  <testcase classname="com.qa.spinent.testpages.LoginPageUserSecurityTest" name="userSecurity" time="6.166"/>
  <testcase classname="com.qa.spinent.testpages.MyReportPageTest" name="verifyMyReportPageTableVisibility" time="0.986"/>
  <testcase classname="com.qa.spinent.testpages.MyReportPageTest" name="verifyMyReportPageTable" time="0.006"/>
</testsuite>