<?xml version="1.0" encoding="UTF-8" ?>
<testsuite tests="36" failures="3" name="TestSuite" time="1,861.907" errors="0" skipped="33">
  <properties>
    <property name="java.runtime.name" value="Java(TM) SE Runtime Environment"/>
    <property name="sun.boot.library.path" value="C:\Program Files\Java\jre1.8.0_291\bin"/>
    <property name="java.vm.version" value="25.291-b10"/>
    <property name="java.vm.vendor" value="Oracle Corporation"/>
    <property name="maven.multiModuleProjectDirectory" value="C:\Users\muham\eclipse-workspace\QASpinentProject"/>
    <property name="java.vendor.url" value="http://java.oracle.com/"/>
    <property name="path.separator" value=";"/>
    <property name="guice.disable.misplaced.annotation.check" value="true"/>
    <property name="java.vm.name" value="Java HotSpot(TM) 64-Bit Server VM"/>
    <property name="file.encoding.pkg" value="sun.io"/>
    <property name="user.script" value=""/>
    <property name="user.country" value="US"/>
    <property name="sun.java.launcher" value="SUN_STANDARD"/>
    <property name="sun.os.patch.level" value=""/>
    <property name="java.vm.specification.name" value="Java Virtual Machine Specification"/>
    <property name="user.dir" value="C:\Users\muham\eclipse-workspace\QASpinentProject"/>
    <property name="java.runtime.version" value="1.8.0_291-b10"/>
    <property name="java.awt.graphicsenv" value="sun.awt.Win32GraphicsEnvironment"/>
    <property name="java.endorsed.dirs" value="C:\Program Files\Java\jre1.8.0_291\lib\endorsed"/>
    <property name="os.arch" value="amd64"/>
    <property name="java.io.tmpdir" value="C:\WINDOWS\TEMP\"/>
    <property name="line.separator" value="
"/>
    <property name="java.vm.specification.vendor" value="Oracle Corporation"/>
    <property name="user.variant" value=""/>
    <property name="os.name" value="Windows 10"/>
    <property name="classworlds.conf" value="C:\apache-maven-3.6.3\bin\..\bin\m2.conf"/>
    <property name="sun.jnu.encoding" value="Cp1252"/>
    <property name="java.library.path" value="C:\Program Files (x86)\Common Files\Oracle\Java\javapath;C:\WINDOWS\Sun\Java\bin;C:\WINDOWS\system32;C:\WINDOWS;C:\Python39\Scripts\;C:\Python39\;C:\Program Files (x86)\Common Files\Oracle\Java\javapath;C:\WINDOWS\system32;C:\WINDOWS;C:\WINDOWS\System32\Wbem;C:\WINDOWS\System32\WindowsPowerShell\v1.0\;C:\WINDOWS\System32\OpenSSH\;C:\Program Files (x86)\Calibre2\;C:\Program Files (x86)\Brackets\command;C:\\apache-maven-3.6.3-bin.zip\apache-maven-3.6.3\bin;C:\apache-maven-3.6.3\bin;C:\allure-commandline-2.13.7\allure-2.13.7\bin;C:\Program Files\Git\cmd;C:\Program Files (x86)\nodejs\;C:\ProgramData\chocolatey\bin;C:\apache-maven-3.6.3\bin;C:\Program Files\apache-maven-3.8.1\bin;%JAVA_HOME%\bin;C:\Program Files\apache-maven-3.8.1\bin\bin;C:\Program Files\Java\jdk1.8.0_281\bin;C:\Program Files\Java\jre1.8.0_281\bin;C:\Hugo\bin;C:\WINDOWS\system32\config\systemprofile\AppData\Local\Microsoft\WindowsApps;."/>
    <property name="maven.conf" value="C:\apache-maven-3.6.3\bin\../conf"/>
    <property name="java.specification.name" value="Java Platform API Specification"/>
    <property name="java.class.version" value="52.0"/>
    <property name="sun.management.compiler" value="HotSpot 64-Bit Tiered Compilers"/>
    <property name="os.version" value="10.0"/>
    <property name="library.jansi.path" value="C:\apache-maven-3.6.3\bin\..\lib\jansi-native"/>
    <property name="user.home" value="C:\WINDOWS\system32\config\systemprofile"/>
    <property name="user.timezone" value="Europe/Belgrade"/>
    <property name="java.awt.printerjob" value="sun.awt.windows.WPrinterJob"/>
    <property name="java.specification.version" value="1.8"/>
    <property name="file.encoding" value="Cp1252"/>
    <property name="user.name" value="DESKTOP-35PKLNE$"/>
    <property name="java.class.path" value="C:\apache-maven-3.6.3\bin\..\boot\plexus-classworlds-2.6.0.jar"/>
    <property name="java.vm.specification.version" value="1.8"/>
    <property name="sun.arch.data.model" value="64"/>
    <property name="java.home" value="C:\Program Files\Java\jre1.8.0_291"/>
    <property name="sun.java.command" value="org.codehaus.plexus.classworlds.launcher.Launcher clean test"/>
    <property name="java.specification.vendor" value="Oracle Corporation"/>
    <property name="user.language" value="en"/>
    <property name="awt.toolkit" value="sun.awt.windows.WToolkit"/>
    <property name="java.vm.info" value="mixed mode"/>
    <property name="java.version" value="1.8.0_291"/>
    <property name="java.ext.dirs" value="C:\Program Files\Java\jre1.8.0_291\lib\ext;C:\WINDOWS\Sun\Java\lib\ext"/>
    <property name="sun.boot.class.path" value="C:\Program Files\Java\jre1.8.0_291\lib\resources.jar;C:\Program Files\Java\jre1.8.0_291\lib\rt.jar;C:\Program Files\Java\jre1.8.0_291\lib\sunrsasign.jar;C:\Program Files\Java\jre1.8.0_291\lib\jsse.jar;C:\Program Files\Java\jre1.8.0_291\lib\jce.jar;C:\Program Files\Java\jre1.8.0_291\lib\charsets.jar;C:\Program Files\Java\jre1.8.0_291\lib\jfr.jar;C:\Program Files\Java\jre1.8.0_291\classes"/>
    <property name="java.vendor" value="Oracle Corporation"/>
    <property name="maven.home" value="C:\apache-maven-3.6.3\bin\.."/>
    <property name="file.separator" value="\"/>
    <property name="java.vendor.url.bug" value="http://bugreport.sun.com/bugreport/"/>
    <property name="sun.cpu.endian" value="little"/>
    <property name="sun.io.unicode.encoding" value="UnicodeLittle"/>
    <property name="sun.desktop" value="windows"/>
    <property name="sun.cpu.isalist" value="amd64"/>
  </properties>
  <testcase classname="com.qa.spinent.testpages.LoginPageTest" name="setUp" time="620.629">
    <failure message="session not created
from timeout: Timed out receiving message from renderer: 600.000
  (Session info: chrome=90.0.4430.93)
Build info: version: &apos;3.141.59&apos;, revision: &apos;e82be7d358&apos;, time: &apos;2018-11-14T08:17:03&apos;
System info: host: &apos;DESKTOP-35PKLNE&apos;, ip: &apos;192.168.0.45&apos;, os.name: &apos;Windows 10&apos;, os.arch: &apos;amd64&apos;, os.version: &apos;10.0&apos;, java.version: &apos;1.8.0_291&apos;
Driver info: driver.version: ChromeDriver
remote stacktrace: Backtrace:
	Ordinal0 [0x00D3C013+2474003]
	Ordinal0 [0x00CD29C1+2042305]
	Ordinal0 [0x00BE2F68+1060712]
	Ordinal0 [0x00BD5652+1005138]
	Ordinal0 [0x00BD4258+1000024]
	Ordinal0 [0x00BD3DA5+998821]
	Ordinal0 [0x00BDA9C5+1026501]
	Ordinal0 [0x00BD3D31+998705]
	Ordinal0 [0x00BD4FAF+1003439]
	Ordinal0 [0x00BD4258+1000024]
	Ordinal0 [0x00BD3DA5+998821]
	Ordinal0 [0x00BD9DBC+1023420]
	Ordinal0 [0x00BD3D31+998705]
	Ordinal0 [0x00BD4FAF+1003439]
	Ordinal0 [0x00BD4258+1000024]
	Ordinal0 [0x00BD3DA5+998821]
	Ordinal0 [0x00BCFA5D+981597]
	Ordinal0 [0x00BD3D31+998705]
	Ordinal0 [0x00BD3A85+998021]
	Ordinal0 [0x00BD3829+997417]
	Ordinal0 [0x00BE4090+1065104]
	Ordinal0 [0x00C2B798+1357720]
	Ordinal0 [0x00C28FAA+1347498]
	Ordinal0 [0x00C266DB+1337051]
	Ordinal0 [0x00C03427+1192999]
	Ordinal0 [0x00C042EE+1196782]
	Ordinal0 [0x00C04279+1196665]
	GetHandleVerifier [0x00EC96FC+1590332]
	GetHandleVerifier [0x00F78614+2306900]
	GetHandleVerifier [0x00DC9E93+543699]
	GetHandleVerifier [0x00DC92CE+540686]
	Ordinal0 [0x00CD86BA+2066106]
	Ordinal0 [0x00CDD1C8+2085320]
	Ordinal0 [0x00CDD308+2085640]
	Ordinal0 [0x00CE67F3+2123763]
	BaseThreadInitThunk [0x75CBFA29+25]
	RtlGetAppContainerNamedObjectPath [0x76EE7A4E+286]
	RtlGetAppContainerNamedObjectPath [0x76EE7A1E+238]
" type="org.openqa.selenium.SessionNotCreatedException">org.openqa.selenium.SessionNotCreatedException: session not created
from timeout: Timed out receiving message from renderer: 600.000
  (Session info: chrome=90.0.4430.93)
Build info: version: &apos;3.141.59&apos;, revision: &apos;e82be7d358&apos;, time: &apos;2018-11-14T08:17:03&apos;
System info: host: &apos;DESKTOP-35PKLNE&apos;, ip: &apos;192.168.0.45&apos;, os.name: &apos;Windows 10&apos;, os.arch: &apos;amd64&apos;, os.version: &apos;10.0&apos;, java.version: &apos;1.8.0_291&apos;
Driver info: driver.version: ChromeDriver
remote stacktrace: Backtrace:
	Ordinal0 [0x00D3C013+2474003]
	Ordinal0 [0x00CD29C1+2042305]
	Ordinal0 [0x00BE2F68+1060712]
	Ordinal0 [0x00BD5652+1005138]
	Ordinal0 [0x00BD4258+1000024]
	Ordinal0 [0x00BD3DA5+998821]
	Ordinal0 [0x00BDA9C5+1026501]
	Ordinal0 [0x00BD3D31+998705]
	Ordinal0 [0x00BD4FAF+1003439]
	Ordinal0 [0x00BD4258+1000024]
	Ordinal0 [0x00BD3DA5+998821]
	Ordinal0 [0x00BD9DBC+1023420]
	Ordinal0 [0x00BD3D31+998705]
	Ordinal0 [0x00BD4FAF+1003439]
	Ordinal0 [0x00BD4258+1000024]
	Ordinal0 [0x00BD3DA5+998821]
	Ordinal0 [0x00BCFA5D+981597]
	Ordinal0 [0x00BD3D31+998705]
	Ordinal0 [0x00BD3A85+998021]
	Ordinal0 [0x00BD3829+997417]
	Ordinal0 [0x00BE4090+1065104]
	Ordinal0 [0x00C2B798+1357720]
	Ordinal0 [0x00C28FAA+1347498]
	Ordinal0 [0x00C266DB+1337051]
	Ordinal0 [0x00C03427+1192999]
	Ordinal0 [0x00C042EE+1196782]
	Ordinal0 [0x00C04279+1196665]
	GetHandleVerifier [0x00EC96FC+1590332]
	GetHandleVerifier [0x00F78614+2306900]
	GetHandleVerifier [0x00DC9E93+543699]
	GetHandleVerifier [0x00DC92CE+540686]
	Ordinal0 [0x00CD86BA+2066106]
	Ordinal0 [0x00CDD1C8+2085320]
	Ordinal0 [0x00CDD308+2085640]
	Ordinal0 [0x00CE67F3+2123763]
	BaseThreadInitThunk [0x75CBFA29+25]
	RtlGetAppContainerNamedObjectPath [0x76EE7A4E+286]
	RtlGetAppContainerNamedObjectPath [0x76EE7A1E+238]

	at sun.reflect.NativeConstructorAccessorImpl.newInstance0(Native Method)
	at sun.reflect.NativeConstructorAccessorImpl.newInstance(Unknown Source)
	at sun.reflect.DelegatingConstructorAccessorImpl.newInstance(Unknown Source)
	at java.lang.reflect.Constructor.newInstance(Unknown Source)
	at org.openqa.selenium.remote.W3CHandshakeResponse.lambda$errorHandler$0(W3CHandshakeResponse.java:62)
	at org.openqa.selenium.remote.HandshakeResponse.lambda$getResponseFunction$0(HandshakeResponse.java:30)
	at org.openqa.selenium.remote.ProtocolHandshake.lambda$createSession$0(ProtocolHandshake.java:126)
	at java.util.stream.ReferencePipeline$3$1.accept(Unknown Source)
	at java.util.Spliterators$ArraySpliterator.tryAdvance(Unknown Source)
	at java.util.stream.ReferencePipeline.forEachWithCancel(Unknown Source)
	at java.util.stream.AbstractPipeline.copyIntoWithCancel(Unknown Source)
	at java.util.stream.AbstractPipeline.copyInto(Unknown Source)
	at java.util.stream.AbstractPipeline.wrapAndCopyInto(Unknown Source)
	at java.util.stream.FindOps$FindOp.evaluateSequential(Unknown Source)
	at java.util.stream.AbstractPipeline.evaluate(Unknown Source)
	at java.util.stream.ReferencePipeline.findFirst(Unknown Source)
	at org.openqa.selenium.remote.ProtocolHandshake.createSession(ProtocolHandshake.java:128)
	at org.openqa.selenium.remote.ProtocolHandshake.createSession(ProtocolHandshake.java:74)
	at org.openqa.selenium.remote.HttpCommandExecutor.execute(HttpCommandExecutor.java:136)
	at org.openqa.selenium.remote.service.DriverCommandExecutor.execute(DriverCommandExecutor.java:83)
	at org.openqa.selenium.remote.RemoteWebDriver.execute(RemoteWebDriver.java:552)
	at org.openqa.selenium.remote.RemoteWebDriver.startSession(RemoteWebDriver.java:213)
	at org.openqa.selenium.remote.RemoteWebDriver.&lt;init&gt;(RemoteWebDriver.java:131)
	at org.openqa.selenium.chrome.ChromeDriver.&lt;init&gt;(ChromeDriver.java:181)
	at org.openqa.selenium.chrome.ChromeDriver.&lt;init&gt;(ChromeDriver.java:168)
	at org.openqa.selenium.chrome.ChromeDriver.&lt;init&gt;(ChromeDriver.java:157)
	at com.qa.spinent.base.BasePage.init_driver(BasePage.java:43)
	at com.qa.spinent.testpages.LoginPageTest.setUp(LoginPageTest.java:36)
</failure>
    <system-out>Configuring TestNG with: org.apache.maven.surefire.testng.conf.TestNG652Configurator@6aceb1a5
Browser name: chrome
Browser name: chrome
Browser name: chrome
</system-out>
    <system-err>SLF4J: Failed to load class &quot;org.slf4j.impl.StaticLoggerBinder&quot;.
SLF4J: Defaulting to no-operation (NOP) logger implementation
SLF4J: See http://www.slf4j.org/codes.html#StaticLoggerBinder for further details.
Starting ChromeDriver 90.0.4430.24 (4c6d850f087da467d926e8eddb76550aed655991-refs/branch-heads/4430@{#429}) on port 43700
Only local connections are allowed.
Please see https://chromedriver.chromium.org/security-considerations for suggestions on keeping ChromeDriver safe.
ChromeDriver was started successfully.
May 10, 2021 11:27:07 AM org.openqa.selenium.remote.ProtocolHandshake createSession
INFO: Detected dialect: W3C
Starting ChromeDriver 90.0.4430.24 (4c6d850f087da467d926e8eddb76550aed655991-refs/branch-heads/4430@{#429}) on port 15271
Only local connections are allowed.
Please see https://chromedriver.chromium.org/security-considerations for suggestions on keeping ChromeDriver safe.
ChromeDriver was started successfully.
log4j:WARN No appenders could be found for logger (org.apache.http.impl.conn.PoolingHttpClientConnectionManager).
log4j:WARN Please initialize the log4j system properly.
log4j:WARN See http://logging.apache.org/log4j/1.2/faq.html#noconfig for more info.
May 10, 2021 11:27:13 AM org.openqa.selenium.remote.ProtocolHandshake createSession
INFO: Detected dialect: W3C
Starting ChromeDriver 90.0.4430.24 (4c6d850f087da467d926e8eddb76550aed655991-refs/branch-heads/4430@{#429}) on port 8087
Only local connections are allowed.
Please see https://chromedriver.chromium.org/security-considerations for suggestions on keeping ChromeDriver safe.
ChromeDriver was started successfully.
[1620639444.633][SEVERE]: Timed out receiving message from renderer: 600.000
</system-err>
  </testcase>
  <testcase classname="com.qa.spinent.testpages.LoginPageUserSecurityTest" name="setUp" time="620.633">
    <skipped/>
  </testcase>
  <testcase classname="com.qa.spinent.testpages.MyReportPageTest" name="setUp" time="620.633">
    <skipped/>
  </testcase>
  <testcase classname="com.qa.spinent.testpages.AccountLogoutPageTest" name="logOutFunctionTest" time="0.002">
    <skipped/>
  </testcase>
  <testcase classname="com.qa.spinent.testpages.AccountLogoutPageTest" name="logOutUrlVerificationTest" time="0">
    <skipped/>
  </testcase>
  <testcase classname="com.qa.spinent.testpages.HomePageTest" name="verifyHomePageTitle" time="0">
    <skipped/>
  </testcase>
  <testcase classname="com.qa.spinent.testpages.HomePageTest" name="introToSportsTechButtonTest" time="0">
    <skipped/>
  </testcase>
  <testcase classname="com.qa.spinent.testpages.HomePageTest" name="knowYourselfButtonTest" time="0">
    <skipped/>
  </testcase>
  <testcase classname="com.qa.spinent.testpages.HomePageTest" name="determineProblemsButtonTest" time="0">
    <skipped/>
  </testcase>
  <testcase classname="com.qa.spinent.testpages.HomePageTest" name="askToCustomerButtonTest" time="0">
    <skipped/>
  </testcase>
  <testcase classname="com.qa.spinent.testpages.HomePageTest" name="generateIdeasButtonTest" time="0">
    <skipped/>
  </testcase>
  <testcase classname="com.qa.spinent.testpages.HomePageTest" name="preapareMVPButtonTest" time="0">
    <skipped/>
  </testcase>
  <testcase classname="com.qa.spinent.testpages.HomePageTest" name="givePresentationButtonTest" time="0">
    <skipped/>
  </testcase>
  <testcase classname="com.qa.spinent.testpages.HomePageTest" name="belowButtonAblemsTest" time="0">
    <skipped/>
  </testcase>
  <testcase classname="com.qa.spinent.testpages.HomePageTest" name="languageButtonTest" time="0">
    <skipped/>
  </testcase>
  <testcase classname="com.qa.spinent.testpages.HomePageTest" name="userAccountNamesButtonTest" time="0">
    <skipped/>
  </testcase>
  <testcase classname="com.qa.spinent.testpages.HomePageTest" name="printCertificateButtonTest" time="0">
    <skipped/>
  </testcase>
  <testcase classname="com.qa.spinent.testpages.LoginPageTest" name="verifyLoginPageTitleTest" time="0">
    <skipped/>
  </testcase>
  <testcase classname="com.qa.spinent.testpages.LoginPageTest" name="verifyLoginPageUrlTest" time="0">
    <skipped/>
  </testcase>
  <testcase classname="com.qa.spinent.testpages.LoginPageTest" name="verifyRedColorLoginButtonTest" time="0">
    <skipped/>
  </testcase>
  <testcase classname="com.qa.spinent.testpages.LoginPageTest" name="verifyGreenolorLoginButtonTest" time="0">
    <skipped/>
  </testcase>
  <testcase classname="com.qa.spinent.testpages.LoginPageUserSecurityTest" name="userSecurity" time="0">
    <skipped/>
  </testcase>
  <testcase classname="com.qa.spinent.testpages.LoginPageUserSecurityTest" name="userSecurity" time="0">
    <skipped/>
  </testcase>
  <testcase classname="com.qa.spinent.testpages.LoginPageUserSecurityTest" name="userSecurity" time="0">
    <skipped/>
  </testcase>
  <testcase classname="com.qa.spinent.testpages.LoginPageUserSecurityTest" name="userSecurity" time="0">
    <skipped/>
  </testcase>
  <testcase classname="com.qa.spinent.testpages.LoginPageUserSecurityTest" name="userSecurity" time="0">
    <skipped/>
  </testcase>
  <testcase classname="com.qa.spinent.testpages.LoginPageUserSecurityTest" name="userSecurity" time="0">
    <skipped/>
  </testcase>
  <testcase classname="com.qa.spinent.testpages.LoginPageUserSecurityTest" name="userSecurity" time="0">
    <skipped/>
  </testcase>
  <testcase classname="com.qa.spinent.testpages.LoginPageUserSecurityTest" name="userSecurity" time="0">
    <skipped/>
  </testcase>
  <testcase classname="com.qa.spinent.testpages.MyReportPageTest" name="verifyMyReportPageTableVisibility" time="0">
    <skipped/>
  </testcase>
  <testcase classname="com.qa.spinent.testpages.MyReportPageTest" name="verifyMyReportPageTable" time="0">
    <skipped/>
  </testcase>
  <testcase classname="com.qa.spinent.testpages.AccountLogoutPageTest" name="tearDown" time="0.001">
    <skipped/>
  </testcase>
  <testcase classname="com.qa.spinent.testpages.HomePageTest" name="tearDown" time="0.001">
    <skipped/>
  </testcase>
  <testcase classname="com.qa.spinent.testpages.LoginPageTest" name="tearDown" time="0.002">
    <failure type="java.lang.NullPointerException">java.lang.NullPointerException
	at com.qa.spinent.testpages.LoginPageTest.tearDown(LoginPageTest.java:80)
</failure>
  </testcase>
  <testcase classname="com.qa.spinent.testpages.LoginPageUserSecurityTest" name="tearDown" time="0.003">
    <failure type="java.lang.NullPointerException">java.lang.NullPointerException
	at com.qa.spinent.testpages.LoginPageUserSecurityTest.tearDown(LoginPageUserSecurityTest.java:69)
</failure>
  </testcase>
  <testcase classname="com.qa.spinent.testpages.MyReportPageTest" name="tearDown" time="0.003">
    <skipped/>
  </testcase>
</testsuite>