<?xml version="1.0" encoding="UTF-8"?>
<!-- Generated by org.testng.reporters.JUnitReportReporter -->
<testsuite hostname="DESKTOP-35PKLNE" failures="0" tests="8" name="com.qa.spinent.testpages.LoginPageUserSecurityTest" time="32.526" errors="0" timestamp="2021-05-05T03:51:43 CEST" skipped="0">
  <testcase classname="com.qa.spinent.testpages.LoginPageUserSecurityTest" name="userSecurity" time="4.047"/>
  <system-out/>
  <testcase classname="com.qa.spinent.testpages.LoginPageUserSecurityTest" name="userSecurity" time="3.933"/>
  <system-out/>
  <testcase classname="com.qa.spinent.testpages.LoginPageUserSecurityTest" name="userSecurity" time="4.232"/>
  <system-out/>
  <testcase classname="com.qa.spinent.testpages.LoginPageUserSecurityTest" name="userSecurity" time="4.251"/>
  <system-out/>
  <testcase classname="com.qa.spinent.testpages.LoginPageUserSecurityTest" name="userSecurity" time="4.008"/>
  <system-out/>
  <testcase classname="com.qa.spinent.testpages.LoginPageUserSecurityTest" name="userSecurity" time="4.021"/>
  <system-out/>
  <testcase classname="com.qa.spinent.testpages.LoginPageUserSecurityTest" name="userSecurity" time="4.013"/>
  <system-out/>
  <testcase classname="com.qa.spinent.testpages.LoginPageUserSecurityTest" name="userSecurity" time="4.021"/>
  <system-out/>
</testsuite> <!-- com.qa.spinent.testpages.LoginPageUserSecurityTest -->
