<?xml version="1.0" encoding="UTF-8"?>
<!-- Generated by org.testng.reporters.JUnitReportReporter -->
<testsuite skipped="0" hostname="DESKTOP-35PKLNE" name="com.qa.alphasense.testpages.Test_01_AlphaSenseFrontendPageTest" tests="5" failures="0" timestamp="2022-01-15T13:59:48 CET" time="28.090" errors="0">
  <testcase name="searchingforAdditionalKeyword" time="1.723" classname="com.qa.alphasense.testpages.Test_01_AlphaSenseFrontendPageTest"/>
  <system-out/>
  <testcase name="scrollTheLastFoundResult" time="5.046" classname="com.qa.alphasense.testpages.Test_01_AlphaSenseFrontendPageTest"/>
  <system-out/>
  <testcase name="clickTheLastFoundResult" time="1.159" classname="com.qa.alphasense.testpages.Test_01_AlphaSenseFrontendPageTest"/>
  <system-out/>
  <testcase name="switchToFrame" time="20.087" classname="com.qa.alphasense.testpages.Test_01_AlphaSenseFrontendPageTest"/>
  <system-out/>
  <testcase name="verifyChosenStatement" time="0.075" classname="com.qa.alphasense.testpages.Test_01_AlphaSenseFrontendPageTest"/>
  <system-out/>
</testsuite> <!-- com.qa.alphasense.testpages.Test_01_AlphaSenseFrontendPageTest -->
