<?xml version="1.0" encoding="UTF-8"?>
<!-- Generated by org.testng.reporters.JUnitReportReporter -->
<testsuite hostname="DESKTOP-35PKLNE" failures="0" tests="8" name="com.qa.spinent.testpages.ParalelTest" time="54.336" errors="0" timestamp="2021-05-10T08:54:52 CEST" skipped="0">
  <testcase classname="com.qa.spinent.testpages.ParalelTest" name="userSecurity" time="6.523"/>
  <system-out/>
  <testcase classname="com.qa.spinent.testpages.ParalelTest" name="userSecurity" time="6.798"/>
  <system-out/>
  <testcase classname="com.qa.spinent.testpages.ParalelTest" name="userSecurity" time="7.585"/>
  <system-out/>
  <testcase classname="com.qa.spinent.testpages.ParalelTest" name="userSecurity" time="6.766"/>
  <system-out/>
  <testcase classname="com.qa.spinent.testpages.ParalelTest" name="userSecurity" time="6.743"/>
  <system-out/>
  <testcase classname="com.qa.spinent.testpages.ParalelTest" name="userSecurity" time="6.640"/>
  <system-out/>
  <testcase classname="com.qa.spinent.testpages.ParalelTest" name="userSecurity" time="6.861"/>
  <system-out/>
  <testcase classname="com.qa.spinent.testpages.ParalelTest" name="userSecurity" time="6.420"/>
  <system-out/>
</testsuite> <!-- com.qa.spinent.testpages.ParalelTest -->
