<?xml version="1.0" encoding="UTF-8"?>
<!-- Generated by org.testng.reporters.JUnitReportReporter -->
<testsuite hostname="DESKTOP-35PKLNE" failures="0" tests="2" name="com.spinent.testpages.AccountLogoutPageTest" time="1.537" errors="0" timestamp="2021-05-04T05:23:20 CEST" skipped="0">
  <testcase classname="com.spinent.testpages.AccountLogoutPageTest" name="logOutFunctionTest" time="1.525"/>
  <system-out/>
  <testcase classname="com.spinent.testpages.AccountLogoutPageTest" name="logOutUrlVerificationTest" time="0.012"/>
  <system-out/>
</testsuite> <!-- com.spinent.testpages.AccountLogoutPageTest -->
