<?xml version="1.0" encoding="UTF-8"?>
<!-- Generated by org.testng.reporters.JUnitReportReporter -->
<testsuite hostname="DESKTOP-35PKLNE" failures="0" tests="12" name="com.qa.spinent.testpages.HomePageTest" time="6.543" errors="0" timestamp="2021-05-05T01:47:43 CEST" skipped="0">
  <testcase classname="com.qa.spinent.testpages.HomePageTest" name="verifyHomePageTitle" time="0.027"/>
  <system-out/>
  <testcase classname="com.qa.spinent.testpages.HomePageTest" name="introToSportsTechButtonTest" time="0.622"/>
  <system-out/>
  <testcase classname="com.qa.spinent.testpages.HomePageTest" name="knowYourselfButtonTest" time="0.603"/>
  <system-out/>
  <testcase classname="com.qa.spinent.testpages.HomePageTest" name="determineProblemsButtonTest" time="0.591"/>
  <system-out/>
  <testcase classname="com.qa.spinent.testpages.HomePageTest" name="askToCustomerButtonTest" time="0.595"/>
  <system-out/>
  <testcase classname="com.qa.spinent.testpages.HomePageTest" name="generateIdeasButtonTest" time="0.586"/>
  <system-out/>
  <testcase classname="com.qa.spinent.testpages.HomePageTest" name="preapareMVPButtonTest" time="0.594"/>
  <system-out/>
  <testcase classname="com.qa.spinent.testpages.HomePageTest" name="givePresentationButtonTest" time="0.575"/>
  <system-out/>
  <testcase classname="com.qa.spinent.testpages.HomePageTest" name="belowButtonAblemsTest" time="0.605"/>
  <system-out/>
  <testcase classname="com.qa.spinent.testpages.HomePageTest" name="languageButtonTest" time="0.597"/>
  <system-out/>
  <testcase classname="com.qa.spinent.testpages.HomePageTest" name="userAccountNamesButtonTest" time="0.573"/>
  <system-out/>
  <testcase classname="com.qa.spinent.testpages.HomePageTest" name="printCertificateButtonTest" time="0.575"/>
  <system-out/>
</testsuite> <!-- com.qa.spinent.testpages.HomePageTest -->
