<?xml version="1.0" encoding="UTF-8"?>
<!-- Generated by org.testng.reporters.JUnitReportReporter -->
<testsuite skipped="0" hostname="DESKTOP-35PKLNE" name="com.qa.alphasense.testpages.AlphaSenseFrontendPageTest" tests="5" failures="0" timestamp="2022-01-15T13:58:13 CET" time="28.188" errors="0">
  <testcase name="searchingforAdditionalKeyword" time="1.656" classname="com.qa.alphasense.testpages.AlphaSenseFrontendPageTest"/>
  <system-out/>
  <testcase name="scrollTheLastFoundResult" time="5.217" classname="com.qa.alphasense.testpages.AlphaSenseFrontendPageTest"/>
  <system-out/>
  <testcase name="clickTheLastFoundResult" time="1.164" classname="com.qa.alphasense.testpages.AlphaSenseFrontendPageTest"/>
  <system-out/>
  <testcase name="switchToFrame" time="20.092" classname="com.qa.alphasense.testpages.AlphaSenseFrontendPageTest"/>
  <system-out/>
  <testcase name="verifyChosenStatement" time="0.059" classname="com.qa.alphasense.testpages.AlphaSenseFrontendPageTest"/>
  <system-out/>
</testsuite> <!-- com.qa.alphasense.testpages.AlphaSenseFrontendPageTest -->
