<?xml version="1.0" encoding="UTF-8"?>
<!-- Generated by org.testng.reporters.JUnitReportReporter -->
<testsuite skipped="0" hostname="DESKTOP-35PKLNE" name="com.qa.alphasense.testpages.AplhaSenseAPITests" tests="1" failures="0" timestamp="2022-01-15T13:47:18 CET" time="2.649" errors="0">
  <testcase name="checkingStatus" time="2.649" classname="com.qa.alphasense.testpages.AplhaSenseAPITests"/>
  <system-out/>
</testsuite> <!-- com.qa.alphasense.testpages.AplhaSenseAPITests -->
