<?xml version="1.0" encoding="UTF-8"?>
<!-- Generated by org.testng.reporters.JUnitReportReporter -->
<testsuite hostname="DESKTOP-35PKLNE" failures="0" tests="1" name="QASpinentProject.QASpinentProject.Deneme" time="0.104" errors="0" timestamp="2021-05-03T15:35:06 CEST" skipped="0">
  <testcase classname="QASpinentProject.QASpinentProject.Deneme" name="url" time="0.104"/>
  <system-out/>
</testsuite> <!-- QASpinentProject.QASpinentProject.Deneme -->
