<?xml version="1.0" encoding="UTF-8"?>
<!-- Generated by org.testng.reporters.JUnitReportReporter -->
<testsuite skipped="0" hostname="DESKTOP-35PKLNE" name="com.qa.alphasense.testpages.HomePageTest" tests="5" failures="0" timestamp="2022-01-14T21:40:14 CET" time="28.306" errors="0">
  <testcase name="searchingforAdditionalKeyword" time="1.722" classname="com.qa.alphasense.testpages.HomePageTest"/>
  <system-out/>
  <testcase name="scrollTheLastFoundResult" time="5.270" classname="com.qa.alphasense.testpages.HomePageTest"/>
  <system-out/>
  <testcase name="clickTheLastFoundResult" time="1.163" classname="com.qa.alphasense.testpages.HomePageTest"/>
  <system-out/>
  <testcase name="switchToFrame" time="20.091" classname="com.qa.alphasense.testpages.HomePageTest"/>
  <system-out/>
  <testcase name="verifyChosenStatement" time="0.060" classname="com.qa.alphasense.testpages.HomePageTest"/>
  <system-out/>
</testsuite> <!-- com.qa.alphasense.testpages.HomePageTest -->
