<?xml version="1.0" encoding="UTF-8"?>
<!-- Generated by org.testng.reporters.JUnitReportReporter -->
<testsuite hostname="DESKTOP-35PKLNE" failures="0" tests="1" name="com.qa.spinent.testpages.LoginPageTest" time="1.173" errors="0" timestamp="2021-05-05T02:28:32 CEST" skipped="0">
  <testcase classname="com.qa.spinent.testpages.LoginPageTest" name="verifyGreenolorLoginButtonTest" time="1.173"/>
  <system-out/>
</testsuite> <!-- com.qa.spinent.testpages.LoginPageTest -->
