<?xml version="1.0" encoding="UTF-8"?>
<!-- Generated by org.testng.reporters.JUnitReportReporter -->
<testsuite skipped="0" hostname="DESKTOP-35PKLNE" name="com.qa.alphasense.testpages.LoginPageTest" tests="1" failures="0" timestamp="2022-01-06T14:53:47 CET" time="0.067" errors="0">
  <testcase name="verifyLoginPageTitleTest" time="0.067" classname="com.qa.alphasense.testpages.LoginPageTest"/>
  <system-out/>
</testsuite> <!-- com.qa.alphasense.testpages.LoginPageTest -->
