<?xml version="1.0" encoding="UTF-8"?>
<!-- Generated by org.testng.reporters.JUnitReportReporter -->
<testsuite hostname="DESKTOP-35PKLNE" failures="0" tests="2" name="com.qa.spinent.testpages.AccountLogoutPageTest" time="0.594" errors="0" timestamp="2021-05-05T03:51:43 CEST" skipped="0">
  <testcase classname="com.qa.spinent.testpages.AccountLogoutPageTest" name="logOutFunctionTest" time="0.588"/>
  <system-out/>
  <testcase classname="com.qa.spinent.testpages.AccountLogoutPageTest" name="logOutUrlVerificationTest" time="0.006"/>
  <system-out/>
</testsuite> <!-- com.qa.spinent.testpages.AccountLogoutPageTest -->
