<?xml version="1.0" encoding="UTF-8"?>
<!-- Generated by org.testng.reporters.JUnitReportReporter -->
<testsuite hostname="DESKTOP-35PKLNE" failures="0" tests="4" name="com.qa.spinent.testpages.LoginPageTest" time="1.364" errors="0" timestamp="2021-05-16T12:47:41 CEST" skipped="0">
  <testcase classname="com.qa.spinent.testpages.LoginPageTest" name="verifyLoginPageTitleTest" time="0.031"/>
  <system-out/>
  <testcase classname="com.qa.spinent.testpages.LoginPageTest" name="verifyLoginPageUrlTest" time="0.017"/>
  <system-out/>
  <testcase classname="com.qa.spinent.testpages.LoginPageTest" name="verifyRedColorLoginButtonTest" time="0.715"/>
  <system-out/>
  <testcase classname="com.qa.spinent.testpages.LoginPageTest" name="verifyGreenolorLoginButtonTest" time="0.601"/>
  <system-out/>
</testsuite> <!-- com.qa.spinent.testpages.LoginPageTest -->
