<?xml version="1.0" encoding="UTF-8"?>
<!-- Generated by org.testng.reporters.JUnitReportReporter -->
<testsuite hostname="DESKTOP-35PKLNE" failures="0" tests="12" name="com.qa.spinent.testpages.HomePageTest" time="6.473" errors="0" timestamp="2021-05-05T03:51:43 CEST" skipped="0">
  <testcase classname="com.qa.spinent.testpages.HomePageTest" name="verifyHomePageTitle" time="0.008"/>
  <system-out/>
  <testcase classname="com.qa.spinent.testpages.HomePageTest" name="introToSportsTechButtonTest" time="0.600"/>
  <system-out/>
  <testcase classname="com.qa.spinent.testpages.HomePageTest" name="knowYourselfButtonTest" time="0.602"/>
  <system-out/>
  <testcase classname="com.qa.spinent.testpages.HomePageTest" name="determineProblemsButtonTest" time="0.578"/>
  <system-out/>
  <testcase classname="com.qa.spinent.testpages.HomePageTest" name="askToCustomerButtonTest" time="0.577"/>
  <system-out/>
  <testcase classname="com.qa.spinent.testpages.HomePageTest" name="generateIdeasButtonTest" time="0.571"/>
  <system-out/>
  <testcase classname="com.qa.spinent.testpages.HomePageTest" name="preapareMVPButtonTest" time="0.592"/>
  <system-out/>
  <testcase classname="com.qa.spinent.testpages.HomePageTest" name="givePresentationButtonTest" time="0.580"/>
  <system-out/>
  <testcase classname="com.qa.spinent.testpages.HomePageTest" name="belowButtonAblemsTest" time="0.602"/>
  <system-out/>
  <testcase classname="com.qa.spinent.testpages.HomePageTest" name="languageButtonTest" time="0.589"/>
  <system-out/>
  <testcase classname="com.qa.spinent.testpages.HomePageTest" name="userAccountNamesButtonTest" time="0.579"/>
  <system-out/>
  <testcase classname="com.qa.spinent.testpages.HomePageTest" name="printCertificateButtonTest" time="0.595"/>
  <system-out/>
</testsuite> <!-- com.qa.spinent.testpages.HomePageTest -->
