<?xml version="1.0" encoding="UTF-8"?>
<!-- Generated by org.testng.reporters.JUnitReportReporter -->
<testsuite hostname="DESKTOP-35PKLNE" failures="0" tests="12" name="com.spinent.testpages.HomePageTest" time="7.705" errors="0" timestamp="2021-05-04T03:09:24 CEST" skipped="0">
  <testcase classname="com.spinent.testpages.HomePageTest" name="verifyHomePageTitle" time="0.111"/>
  <system-out/>
  <testcase classname="com.spinent.testpages.HomePageTest" name="introToSportsTechButtonTest" time="0.741"/>
  <system-out/>
  <testcase classname="com.spinent.testpages.HomePageTest" name="knowYourselfButtonTest" time="0.702"/>
  <system-out/>
  <testcase classname="com.spinent.testpages.HomePageTest" name="determineProblemsButtonTest" time="0.677"/>
  <system-out/>
  <testcase classname="com.spinent.testpages.HomePageTest" name="askToCustomerButtonTest" time="0.682"/>
  <system-out/>
  <testcase classname="com.spinent.testpages.HomePageTest" name="generateIdeasButtonTest" time="0.712"/>
  <system-out/>
  <testcase classname="com.spinent.testpages.HomePageTest" name="preapareMVPButtonTest" time="0.681"/>
  <system-out/>
  <testcase classname="com.spinent.testpages.HomePageTest" name="givePresentationButtonTest" time="0.677"/>
  <system-out/>
  <testcase classname="com.spinent.testpages.HomePageTest" name="belowButtonAblemsTest" time="0.683"/>
  <system-out/>
  <testcase classname="com.spinent.testpages.HomePageTest" name="languageButtonTest" time="0.694"/>
  <system-out/>
  <testcase classname="com.spinent.testpages.HomePageTest" name="userAccountNamesButtonTest" time="0.668"/>
  <system-out/>
  <testcase classname="com.spinent.testpages.HomePageTest" name="printCertificateButtonTest" time="0.677"/>
  <system-out/>
</testsuite> <!-- com.spinent.testpages.HomePageTest -->
