<?xml version="1.0" encoding="UTF-8"?>
<!-- Generated by org.testng.reporters.JUnitReportReporter -->
<testsuite hostname="DESKTOP-35PKLNE" failures="0" tests="4" name="com.qa.spinent.testpages.LoginPageTest" time="1.180" errors="0" timestamp="2021-05-05T03:51:43 CEST" skipped="0">
  <testcase classname="com.qa.spinent.testpages.LoginPageTest" name="verifyLoginPageTitleTest" time="0.011"/>
  <system-out/>
  <testcase classname="com.qa.spinent.testpages.LoginPageTest" name="verifyLoginPageUrlTest" time="0.011"/>
  <system-out/>
  <testcase classname="com.qa.spinent.testpages.LoginPageTest" name="verifyRedColorLoginButtonTest" time="0.584"/>
  <system-out/>
  <testcase classname="com.qa.spinent.testpages.LoginPageTest" name="verifyGreenolorLoginButtonTest" time="0.574"/>
  <system-out/>
</testsuite> <!-- com.qa.spinent.testpages.LoginPageTest -->
