<?xml version="1.0" encoding="UTF-8"?>
<!-- Generated by org.testng.reporters.JUnitReportReporter -->
<testsuite hostname="DESKTOP-35PKLNE" failures="0" tests="2" name="com.spinent.testpages.MyReportPageTest" time="0.944" errors="0" timestamp="2021-05-04T04:46:04 CEST" skipped="0">
  <testcase classname="com.spinent.testpages.MyReportPageTest" name="verifyMyReportPageTableVisibility" time="0.935"/>
  <system-out/>
  <testcase classname="com.spinent.testpages.MyReportPageTest" name="verifyMyReportPageTable" time="0.009"/>
  <system-out/>
</testsuite> <!-- com.spinent.testpages.MyReportPageTest -->
