<?xml version="1.0" encoding="UTF-8"?>
<!-- Generated by org.testng.reporters.JUnitReportReporter -->
<testsuite hostname="DESKTOP-35PKLNE" failures="0" tests="8" name="com.qa.spinent.testpages.LoginPageUserSecurityTest" time="74.673" errors="0" timestamp="2021-05-16T12:42:36 CEST" skipped="0">
  <testcase classname="com.qa.spinent.testpages.LoginPageUserSecurityTest" name="userSecurity" time="9.265"/>
  <system-out/>
  <testcase classname="com.qa.spinent.testpages.LoginPageUserSecurityTest" name="userSecurity" time="9.213"/>
  <system-out/>
  <testcase classname="com.qa.spinent.testpages.LoginPageUserSecurityTest" name="userSecurity" time="9.234"/>
  <system-out/>
  <testcase classname="com.qa.spinent.testpages.LoginPageUserSecurityTest" name="userSecurity" time="8.490"/>
  <system-out/>
  <testcase classname="com.qa.spinent.testpages.LoginPageUserSecurityTest" name="userSecurity" time="9.268"/>
  <system-out/>
  <testcase classname="com.qa.spinent.testpages.LoginPageUserSecurityTest" name="userSecurity" time="9.389"/>
  <system-out/>
  <testcase classname="com.qa.spinent.testpages.LoginPageUserSecurityTest" name="userSecurity" time="10.517"/>
  <system-out/>
  <testcase classname="com.qa.spinent.testpages.LoginPageUserSecurityTest" name="userSecurity" time="9.297"/>
  <system-out/>
</testsuite> <!-- com.qa.spinent.testpages.LoginPageUserSecurityTest -->
