<?xml version="1.0" encoding="UTF-8"?>
<!-- Generated by org.testng.reporters.JUnitReportReporter -->
<testsuite hostname="DESKTOP-35PKLNE" failures="0" tests="8" name="com.qa.spinent.testpages.LoginPageUserSecurityTest" time="32.740" errors="0" timestamp="2021-05-05T01:47:43 CEST" skipped="0">
  <testcase classname="com.qa.spinent.testpages.LoginPageUserSecurityTest" name="userSecurity" time="4.021"/>
  <system-out/>
  <testcase classname="com.qa.spinent.testpages.LoginPageUserSecurityTest" name="userSecurity" time="4.145"/>
  <system-out/>
  <testcase classname="com.qa.spinent.testpages.LoginPageUserSecurityTest" name="userSecurity" time="4.116"/>
  <system-out/>
  <testcase classname="com.qa.spinent.testpages.LoginPageUserSecurityTest" name="userSecurity" time="4.398"/>
  <system-out/>
  <testcase classname="com.qa.spinent.testpages.LoginPageUserSecurityTest" name="userSecurity" time="3.978"/>
  <system-out/>
  <testcase classname="com.qa.spinent.testpages.LoginPageUserSecurityTest" name="userSecurity" time="4.047"/>
  <system-out/>
  <testcase classname="com.qa.spinent.testpages.LoginPageUserSecurityTest" name="userSecurity" time="3.992"/>
  <system-out/>
  <testcase classname="com.qa.spinent.testpages.LoginPageUserSecurityTest" name="userSecurity" time="4.043"/>
  <system-out/>
</testsuite> <!-- com.qa.spinent.testpages.LoginPageUserSecurityTest -->
