<?xml version="1.0" encoding="UTF-8"?>
<!-- Generated by org.testng.reporters.JUnitReportReporter -->
<testsuite hostname="DESKTOP-35PKLNE" failures="0" tests="8" name="com.spinent.testpages.LoginPageUserSecurityTest" time="41.172" errors="0" timestamp="2021-05-04T01:42:51 CEST" skipped="0">
  <testcase classname="com.spinent.testpages.LoginPageUserSecurityTest" name="userSecurity" time="5.177"/>
  <system-out/>
  <testcase classname="com.spinent.testpages.LoginPageUserSecurityTest" name="userSecurity" time="4.735"/>
  <system-out/>
  <testcase classname="com.spinent.testpages.LoginPageUserSecurityTest" name="userSecurity" time="5.183"/>
  <system-out/>
  <testcase classname="com.spinent.testpages.LoginPageUserSecurityTest" name="userSecurity" time="5.177"/>
  <system-out/>
  <testcase classname="com.spinent.testpages.LoginPageUserSecurityTest" name="userSecurity" time="5.272"/>
  <system-out/>
  <testcase classname="com.spinent.testpages.LoginPageUserSecurityTest" name="userSecurity" time="5.173"/>
  <system-out/>
  <testcase classname="com.spinent.testpages.LoginPageUserSecurityTest" name="userSecurity" time="5.260"/>
  <system-out/>
  <testcase classname="com.spinent.testpages.LoginPageUserSecurityTest" name="userSecurity" time="5.195"/>
  <system-out/>
</testsuite> <!-- com.spinent.testpages.LoginPageUserSecurityTest -->
