<?xml version="1.0" encoding="UTF-8"?>
<!-- Generated by org.testng.reporters.JUnitReportReporter -->
<testsuite hostname="DESKTOP-35PKLNE" failures="0" tests="2" name="com.qa.spinent.testpages.MyReportPageTest" time="0.601" errors="0" timestamp="2021-05-05T01:47:43 CEST" skipped="0">
  <testcase classname="com.qa.spinent.testpages.MyReportPageTest" name="verifyMyReportPageTableVisibility" time="0.594"/>
  <system-out/>
  <testcase classname="com.qa.spinent.testpages.MyReportPageTest" name="verifyMyReportPageTable" time="0.007"/>
  <system-out/>
</testsuite> <!-- com.qa.spinent.testpages.MyReportPageTest -->
