<?xml version="1.0" encoding="UTF-8"?>
<!-- Generated by org.testng.reporters.JUnitReportReporter -->
<testsuite skipped="12" hostname="DESKTOP-35PKLNE" name="com.qa.spinent.testpages.HomePageTest" tests="12" failures="0" timestamp="2021-05-10T11:37:26 CEST" time="0.000" errors="0">
  <testcase name="verifyHomePageTitle" time="0.000" classname="com.qa.spinent.testpages.HomePageTest">
    <skipped/>
  </testcase> <!-- verifyHomePageTitle -->
  <system-out/>
  <testcase name="introToSportsTechButtonTest" time="0.000" classname="com.qa.spinent.testpages.HomePageTest">
    <skipped/>
  </testcase> <!-- introToSportsTechButtonTest -->
  <system-out/>
  <testcase name="knowYourselfButtonTest" time="0.000" classname="com.qa.spinent.testpages.HomePageTest">
    <skipped/>
  </testcase> <!-- knowYourselfButtonTest -->
  <system-out/>
  <testcase name="determineProblemsButtonTest" time="0.000" classname="com.qa.spinent.testpages.HomePageTest">
    <skipped/>
  </testcase> <!-- determineProblemsButtonTest -->
  <system-out/>
  <testcase name="askToCustomerButtonTest" time="0.000" classname="com.qa.spinent.testpages.HomePageTest">
    <skipped/>
  </testcase> <!-- askToCustomerButtonTest -->
  <system-out/>
  <testcase name="generateIdeasButtonTest" time="0.000" classname="com.qa.spinent.testpages.HomePageTest">
    <skipped/>
  </testcase> <!-- generateIdeasButtonTest -->
  <system-out/>
  <testcase name="preapareMVPButtonTest" time="0.000" classname="com.qa.spinent.testpages.HomePageTest">
    <skipped/>
  </testcase> <!-- preapareMVPButtonTest -->
  <system-out/>
  <testcase name="givePresentationButtonTest" time="0.000" classname="com.qa.spinent.testpages.HomePageTest">
    <skipped/>
  </testcase> <!-- givePresentationButtonTest -->
  <system-out/>
  <testcase name="belowButtonAblemsTest" time="0.000" classname="com.qa.spinent.testpages.HomePageTest">
    <skipped/>
  </testcase> <!-- belowButtonAblemsTest -->
  <system-out/>
  <testcase name="languageButtonTest" time="0.000" classname="com.qa.spinent.testpages.HomePageTest">
    <skipped/>
  </testcase> <!-- languageButtonTest -->
  <system-out/>
  <testcase name="userAccountNamesButtonTest" time="0.000" classname="com.qa.spinent.testpages.HomePageTest">
    <skipped/>
  </testcase> <!-- userAccountNamesButtonTest -->
  <system-out/>
  <testcase name="printCertificateButtonTest" time="0.000" classname="com.qa.spinent.testpages.HomePageTest">
    <skipped/>
  </testcase> <!-- printCertificateButtonTest -->
  <system-out/>
</testsuite> <!-- com.qa.spinent.testpages.HomePageTest -->
