<?xml version="1.0" encoding="UTF-8"?>
<!-- Generated by org.testng.reporters.JUnitReportReporter -->
<testsuite skipped="0" hostname="DESKTOP-35PKLNE" name="com.qa.spinent.testpages.LoginPageTest" tests="4" failures="0" timestamp="2021-05-09T12:19:27 CEST" time="1.999" errors="0">
  <testcase name="verifyLoginPageTitleTest" time="0.006" classname="com.qa.spinent.testpages.LoginPageTest"/>
  <system-out/>
  <testcase name="verifyLoginPageUrlTest" time="0.008" classname="com.qa.spinent.testpages.LoginPageTest"/>
  <system-out/>
  <testcase name="verifyRedColorLoginButtonTest" time="0.984" classname="com.qa.spinent.testpages.LoginPageTest"/>
  <system-out/>
  <testcase name="verifyGreenolorLoginButtonTest" time="1.001" classname="com.qa.spinent.testpages.LoginPageTest"/>
  <system-out/>
</testsuite> <!-- com.qa.spinent.testpages.LoginPageTest -->
