<?xml version="1.0" encoding="UTF-8"?>
<!-- Generated by org.testng.reporters.JUnitReportReporter -->
<testsuite skipped="0" hostname="DESKTOP-35PKLNE" name="com.qa.spinent.testpages.AccountLogoutPageTest" tests="2" failures="0" timestamp="2021-05-05T02:32:08 CEST" time="1.093" errors="0">
  <testcase name="logOutFunctionTest" time="1.087" classname="com.qa.spinent.testpages.AccountLogoutPageTest"/>
  <system-out/>
  <testcase name="logOutUrlVerificationTest" time="0.006" classname="com.qa.spinent.testpages.AccountLogoutPageTest"/>
  <system-out/>
</testsuite> <!-- com.qa.spinent.testpages.AccountLogoutPageTest -->
