<?xml version="1.0" encoding="UTF-8"?>
<!-- Generated by org.testng.reporters.JUnitReportReporter -->
<testsuite skipped="0" hostname="DESKTOP-35PKLNE" name="com.qa.spinent.testpages.HomePageTest" tests="12" failures="0" timestamp="2021-05-05T02:32:08 CEST" time="11.150" errors="0">
  <testcase name="verifyHomePageTitle" time="0.012" classname="com.qa.spinent.testpages.HomePageTest"/>
  <system-out/>
  <testcase name="introToSportsTechButtonTest" time="1.035" classname="com.qa.spinent.testpages.HomePageTest"/>
  <system-out/>
  <testcase name="knowYourselfButtonTest" time="1.038" classname="com.qa.spinent.testpages.HomePageTest"/>
  <system-out/>
  <testcase name="determineProblemsButtonTest" time="1.027" classname="com.qa.spinent.testpages.HomePageTest"/>
  <system-out/>
  <testcase name="askToCustomerButtonTest" time="1.036" classname="com.qa.spinent.testpages.HomePageTest"/>
  <system-out/>
  <testcase name="generateIdeasButtonTest" time="1.032" classname="com.qa.spinent.testpages.HomePageTest"/>
  <system-out/>
  <testcase name="preapareMVPButtonTest" time="1.033" classname="com.qa.spinent.testpages.HomePageTest"/>
  <system-out/>
  <testcase name="givePresentationButtonTest" time="0.977" classname="com.qa.spinent.testpages.HomePageTest"/>
  <system-out/>
  <testcase name="belowButtonAblemsTest" time="0.997" classname="com.qa.spinent.testpages.HomePageTest"/>
  <system-out/>
  <testcase name="languageButtonTest" time="0.993" classname="com.qa.spinent.testpages.HomePageTest"/>
  <system-out/>
  <testcase name="userAccountNamesButtonTest" time="0.979" classname="com.qa.spinent.testpages.HomePageTest"/>
  <system-out/>
  <testcase name="printCertificateButtonTest" time="0.991" classname="com.qa.spinent.testpages.HomePageTest"/>
  <system-out/>
</testsuite> <!-- com.qa.spinent.testpages.HomePageTest -->
