<?xml version="1.0" encoding="UTF-8"?>
<!-- Generated by org.testng.reporters.JUnitReportReporter -->
<testsuite skipped="0" hostname="DESKTOP-35PKLNE" name="com.qa.spinent.testpages.LoginPageUserSecurityTest" tests="8" failures="0" timestamp="2021-05-05T02:32:08 CEST" time="48.180" errors="0">
  <testcase name="userSecurity" time="6.099" classname="com.qa.spinent.testpages.LoginPageUserSecurityTest"/>
  <system-out/>
  <testcase name="userSecurity" time="6.220" classname="com.qa.spinent.testpages.LoginPageUserSecurityTest"/>
  <system-out/>
  <testcase name="userSecurity" time="6.109" classname="com.qa.spinent.testpages.LoginPageUserSecurityTest"/>
  <system-out/>
  <testcase name="userSecurity" time="5.257" classname="com.qa.spinent.testpages.LoginPageUserSecurityTest"/>
  <system-out/>
  <testcase name="userSecurity" time="6.148" classname="com.qa.spinent.testpages.LoginPageUserSecurityTest"/>
  <system-out/>
  <testcase name="userSecurity" time="6.102" classname="com.qa.spinent.testpages.LoginPageUserSecurityTest"/>
  <system-out/>
  <testcase name="userSecurity" time="6.126" classname="com.qa.spinent.testpages.LoginPageUserSecurityTest"/>
  <system-out/>
  <testcase name="userSecurity" time="6.119" classname="com.qa.spinent.testpages.LoginPageUserSecurityTest"/>
  <system-out/>
</testsuite> <!-- com.qa.spinent.testpages.LoginPageUserSecurityTest -->
