<?xml version="1.0" encoding="UTF-8"?>
<!-- Generated by org.testng.reporters.JUnitReportReporter -->
<testsuite skipped="2" hostname="DESKTOP-35PKLNE" name="com.qa.spinent.testpages.MyReportPageTest" tests="2" failures="0" timestamp="2021-05-10T11:37:26 CEST" time="0.000" errors="0">
  <testcase name="verifyMyReportPageTableVisibility" time="0.000" classname="com.qa.spinent.testpages.MyReportPageTest">
    <skipped/>
  </testcase> <!-- verifyMyReportPageTableVisibility -->
  <system-out/>
  <testcase name="verifyMyReportPageTable" time="0.000" classname="com.qa.spinent.testpages.MyReportPageTest">
    <skipped/>
  </testcase> <!-- verifyMyReportPageTable -->
  <system-out/>
</testsuite> <!-- com.qa.spinent.testpages.MyReportPageTest -->
