<?xml version="1.0" encoding="UTF-8"?>
<!-- Generated by org.testng.reporters.JUnitReportReporter -->
<testsuite skipped="0" hostname="DESKTOP-35PKLNE" name="com.qa.spinent.testpages.MyReportPageTest" tests="2" failures="0" timestamp="2021-05-09T12:19:27 CEST" time="0.991" errors="0">
  <testcase name="verifyMyReportPageTableVisibility" time="0.986" classname="com.qa.spinent.testpages.MyReportPageTest"/>
  <system-out/>
  <testcase name="verifyMyReportPageTable" time="0.005" classname="com.qa.spinent.testpages.MyReportPageTest"/>
  <system-out/>
</testsuite> <!-- com.qa.spinent.testpages.MyReportPageTest -->
