<?xml version="1.0" encoding="UTF-8"?>
<!-- Generated by org.testng.reporters.JUnitReportReporter -->
<testsuite skipped="0" hostname="DESKTOP-35PKLNE" name="com.qa.spinent.testpages.HomePageTest" tests="12" failures="0" timestamp="2021-05-09T12:19:27 CEST" time="12.127" errors="0">
  <testcase name="verifyHomePageTitle" time="0.049" classname="com.qa.spinent.testpages.HomePageTest"/>
  <system-out/>
  <testcase name="introToSportsTechButtonTest" time="1.349" classname="com.qa.spinent.testpages.HomePageTest"/>
  <system-out/>
  <testcase name="knowYourselfButtonTest" time="1.052" classname="com.qa.spinent.testpages.HomePageTest"/>
  <system-out/>
  <testcase name="determineProblemsButtonTest" time="1.394" classname="com.qa.spinent.testpages.HomePageTest"/>
  <system-out/>
  <testcase name="askToCustomerButtonTest" time="1.222" classname="com.qa.spinent.testpages.HomePageTest"/>
  <system-out/>
  <testcase name="generateIdeasButtonTest" time="1.063" classname="com.qa.spinent.testpages.HomePageTest"/>
  <system-out/>
  <testcase name="preapareMVPButtonTest" time="1.000" classname="com.qa.spinent.testpages.HomePageTest"/>
  <system-out/>
  <testcase name="givePresentationButtonTest" time="1.000" classname="com.qa.spinent.testpages.HomePageTest"/>
  <system-out/>
  <testcase name="belowButtonAblemsTest" time="0.997" classname="com.qa.spinent.testpages.HomePageTest"/>
  <system-out/>
  <testcase name="languageButtonTest" time="1.012" classname="com.qa.spinent.testpages.HomePageTest"/>
  <system-out/>
  <testcase name="userAccountNamesButtonTest" time="0.979" classname="com.qa.spinent.testpages.HomePageTest"/>
  <system-out/>
  <testcase name="printCertificateButtonTest" time="1.010" classname="com.qa.spinent.testpages.HomePageTest"/>
  <system-out/>
</testsuite> <!-- com.qa.spinent.testpages.HomePageTest -->
