<?xml version="1.0" encoding="UTF-8"?>
<!-- Generated by org.testng.reporters.JUnitReportReporter -->
<testsuite skipped="0" hostname="DESKTOP-35PKLNE" name="com.qa.spinent.testpages.LoginPageTest" tests="4" failures="0" timestamp="2021-05-16T16:19:56 CEST" time="2.185" errors="0">
  <testcase name="verifyLoginPageTitleTest" time="0.022" classname="com.qa.spinent.testpages.LoginPageTest"/>
  <system-out/>
  <testcase name="verifyLoginPageUrlTest" time="0.054" classname="com.qa.spinent.testpages.LoginPageTest"/>
  <system-out/>
  <testcase name="verifyRedColorLoginButtonTest" time="1.079" classname="com.qa.spinent.testpages.LoginPageTest"/>
  <system-out/>
  <testcase name="verifyGreenolorLoginButtonTest" time="1.030" classname="com.qa.spinent.testpages.LoginPageTest"/>
  <system-out/>
</testsuite> <!-- com.qa.spinent.testpages.LoginPageTest -->
