<?xml version="1.0" encoding="UTF-8"?>
<!-- Generated by org.testng.reporters.JUnitReportReporter -->
<testsuite skipped="0" hostname="DESKTOP-35PKLNE" name="com.qa.spinent.testpages.AccountLogoutPageTest" tests="2" failures="0" timestamp="2021-05-09T12:19:27 CEST" time="1.962" errors="0">
  <testcase name="logOutFunctionTest" time="1.941" classname="com.qa.spinent.testpages.AccountLogoutPageTest"/>
  <system-out/>
  <testcase name="logOutUrlVerificationTest" time="0.021" classname="com.qa.spinent.testpages.AccountLogoutPageTest"/>
  <system-out/>
</testsuite> <!-- com.qa.spinent.testpages.AccountLogoutPageTest -->
