<?xml version="1.0" encoding="UTF-8"?>
<!-- Generated by org.testng.reporters.JUnitReportReporter -->
<testsuite skipped="8" hostname="DESKTOP-35PKLNE" name="com.qa.spinent.testpages.LoginPageUserSecurityTest" tests="9" failures="0" timestamp="2021-05-10T11:37:26 CEST" time="0.000" errors="1">
  <testcase name="userSecurity" time="0.000" classname="com.qa.spinent.testpages.LoginPageUserSecurityTest">
    <skipped/>
  </testcase> <!-- userSecurity -->
  <system-out/>
  <testcase name="userSecurity" time="0.000" classname="com.qa.spinent.testpages.LoginPageUserSecurityTest">
    <skipped/>
  </testcase> <!-- userSecurity -->
  <system-out/>
  <testcase name="userSecurity" time="0.000" classname="com.qa.spinent.testpages.LoginPageUserSecurityTest">
    <skipped/>
  </testcase> <!-- userSecurity -->
  <system-out/>
  <testcase name="userSecurity" time="0.000" classname="com.qa.spinent.testpages.LoginPageUserSecurityTest">
    <skipped/>
  </testcase> <!-- userSecurity -->
  <system-out/>
  <testcase name="userSecurity" time="0.000" classname="com.qa.spinent.testpages.LoginPageUserSecurityTest">
    <skipped/>
  </testcase> <!-- userSecurity -->
  <system-out/>
  <testcase name="userSecurity" time="0.000" classname="com.qa.spinent.testpages.LoginPageUserSecurityTest">
    <skipped/>
  </testcase> <!-- userSecurity -->
  <system-out/>
  <testcase name="userSecurity" time="0.000" classname="com.qa.spinent.testpages.LoginPageUserSecurityTest">
    <skipped/>
  </testcase> <!-- userSecurity -->
  <system-out/>
  <testcase name="userSecurity" time="0.000" classname="com.qa.spinent.testpages.LoginPageUserSecurityTest">
    <skipped/>
  </testcase> <!-- userSecurity -->
  <system-out/>
  <testcase name="tearDown" time="0.000" classname="com.qa.spinent.testpages.LoginPageUserSecurityTest">
    <error type="java.lang.NullPointerException">
      <![CDATA[java.lang.NullPointerException
at com.qa.spinent.testpages.LoginPageUserSecurityTest.tearDown(LoginPageUserSecurityTest.java:69)
at sun.reflect.NativeMethodAccessorImpl.invoke0(Native Method)
at sun.reflect.NativeMethodAccessorImpl.invoke(Unknown Source)
at sun.reflect.DelegatingMethodAccessorImpl.invoke(Unknown Source)
at java.lang.reflect.Method.invoke(Unknown Source)
at org.testng.internal.MethodInvocationHelper.invokeMethod(MethodInvocationHelper.java:132)
at org.testng.internal.MethodInvocationHelper.invokeMethodConsideringTimeout(MethodInvocationHelper.java:61)
at org.testng.internal.ConfigInvoker.invokeConfigurationMethod(ConfigInvoker.java:366)
at org.testng.internal.ConfigInvoker.invokeConfigurations(ConfigInvoker.java:320)
at org.testng.TestRunner.invokeTestConfigurations(TestRunner.java:617)
at org.testng.TestRunner.afterRun(TestRunner.java:847)
at org.testng.TestRunner.run(TestRunner.java:588)
at org.testng.SuiteRunner.runTest(SuiteRunner.java:384)
at org.testng.SuiteRunner.runSequentially(SuiteRunner.java:378)
at org.testng.SuiteRunner.privateRun(SuiteRunner.java:337)
at org.testng.SuiteRunner.run(SuiteRunner.java:286)
at org.testng.SuiteRunnerWorker.runSuite(SuiteRunnerWorker.java:53)
at org.testng.SuiteRunnerWorker.run(SuiteRunnerWorker.java:96)
at org.testng.TestNG.runSuitesSequentially(TestNG.java:1218)
at org.testng.TestNG.runSuitesLocally(TestNG.java:1140)
at org.testng.TestNG.runSuites(TestNG.java:1069)
at org.testng.TestNG.run(TestNG.java:1037)
at org.apache.maven.surefire.testng.TestNGExecutor.run(TestNGExecutor.java:77)
at org.apache.maven.surefire.testng.TestNGDirectoryTestSuite.executeMulti(TestNGDirectoryTestSuite.java:159)
at org.apache.maven.surefire.testng.TestNGDirectoryTestSuite.execute(TestNGDirectoryTestSuite.java:99)
at org.apache.maven.surefire.testng.TestNGProvider.invoke(TestNGProvider.java:106)
at sun.reflect.NativeMethodAccessorImpl.invoke0(Native Method)
at sun.reflect.NativeMethodAccessorImpl.invoke(Unknown Source)
at sun.reflect.DelegatingMethodAccessorImpl.invoke(Unknown Source)
at java.lang.reflect.Method.invoke(Unknown Source)
at org.apache.maven.surefire.util.ReflectionUtils.invokeMethodWithArray(ReflectionUtils.java:189)
at org.apache.maven.surefire.booter.ProviderFactory$ProviderProxy.invoke(ProviderFactory.java:165)
at org.apache.maven.surefire.booter.ProviderFactory.invokeProvider(ProviderFactory.java:85)
at org.apache.maven.surefire.booter.ForkedBooter.runSuitesInProcess(ForkedBooter.java:115)
at org.apache.maven.surefire.booter.ForkedBooter.main(ForkedBooter.java:75)
]]>
    </error>
  </testcase> <!-- tearDown -->
  <system-out/>
</testsuite> <!-- com.qa.spinent.testpages.LoginPageUserSecurityTest -->
