<?xml version="1.0" encoding="UTF-8"?>
<!-- Generated by org.testng.reporters.JUnitReportReporter -->
<testsuite skipped="0" hostname="DESKTOP-35PKLNE" name="com.qa.spinent.testpages.LoginPageUserSecurityTest" tests="8" failures="0" timestamp="2021-05-09T12:19:27 CEST" time="47.701" errors="0">
  <testcase name="userSecurity" time="5.149" classname="com.qa.spinent.testpages.LoginPageUserSecurityTest"/>
  <system-out/>
  <testcase name="userSecurity" time="6.166" classname="com.qa.spinent.testpages.LoginPageUserSecurityTest"/>
  <system-out/>
  <testcase name="userSecurity" time="6.046" classname="com.qa.spinent.testpages.LoginPageUserSecurityTest"/>
  <system-out/>
  <testcase name="userSecurity" time="6.068" classname="com.qa.spinent.testpages.LoginPageUserSecurityTest"/>
  <system-out/>
  <testcase name="userSecurity" time="6.037" classname="com.qa.spinent.testpages.LoginPageUserSecurityTest"/>
  <system-out/>
  <testcase name="userSecurity" time="6.105" classname="com.qa.spinent.testpages.LoginPageUserSecurityTest"/>
  <system-out/>
  <testcase name="userSecurity" time="6.048" classname="com.qa.spinent.testpages.LoginPageUserSecurityTest"/>
  <system-out/>
  <testcase name="userSecurity" time="6.082" classname="com.qa.spinent.testpages.LoginPageUserSecurityTest"/>
  <system-out/>
</testsuite> <!-- com.qa.spinent.testpages.LoginPageUserSecurityTest -->
